<?xml version="1.0" encoding="UTF-8"?>
<!-- Generated by org.testng.reporters.JUnitReportReporter -->
<testsuite skipped="0" hostname="LAPTOP-VQQSI8R2" name="com.oms.oms" tests="4" failures="0" timestamp="26 Oct 2016 09:19:44 GMT" time="4.587" errors="0">
  <testcase name="TryLogin_BlankUserID_Login" time="1.342" classname="com.oms.oms"/>
  <testcase name="Try_ResetPassword" time="0.358" classname="com.oms.oms"/>
  <testcase name="TryLogin_Correct_Login" time="1.385" classname="com.oms.oms"/>
  <testcase name="TryLogin_Incorrect_Login" time="1.502" classname="com.oms.oms"/>
</testsuite> <!-- com.oms.oms -->
