<?xml version="1.0" encoding="UTF-8"?>
<!-- Generated by org.testng.reporters.JUnitReportReporter -->
<testsuite skipped="0" hostname="LAPTOP-VQQSI8R2" name="com.oms.NewTest" tests="1" failures="0" timestamp="26 Oct 2016 07:29:14 GMT" time="11.331" errors="0">
  <testcase name="f" time="11.331" classname="com.oms.NewTest"/>
</testsuite> <!-- com.oms.NewTest -->
